2026-04-25 07:20:22.865 +02:00 [INF] Cleaning target environment...
2026-04-25 07:20:22.875 +02:00 [INF] Searching for plugin assembly to remove...
2026-04-25 07:20:23.254 +02:00 [INF] Found plugin assembly "d99cdba5-113e-f111-88b4-6045bdfd90b8". Deleting...
2026-04-25 07:24:26.180 +02:00 [INF] Cleaning target environment...
2026-04-25 07:24:26.190 +02:00 [INF] Searching for plugin assembly to remove...
2026-04-25 07:24:29.630 +02:00 [INF] Found plugin assembly "d99cdba5-113e-f111-88b4-6045bdfd90b8". Deleting...
2026-04-25 07:24:30.051 +02:00 [INF] Plugin assembly removed successfully.
2026-04-25 07:24:30.056 +02:00 [INF] Checking for 'dm_sourcedate' entity...
2026-04-25 07:24:31.342 +02:00 [INF] Deleting 'dm_sourcedate' entity...
2026-04-25 07:25:35.017 +02:00 [INF] Entity deleted. Publishing changes...
2026-04-25 07:26:06.923 +02:00 [INF] Schema removed successfully.
2026-04-25 07:26:06.923 +02:00 [INF] Environment cleanup completed.
2026-04-25 07:26:28.527 +02:00 [INF] Cleaning target environment...
2026-04-25 07:26:28.527 +02:00 [INF] Searching for plugin assembly to remove...
2026-04-25 07:26:28.608 +02:00 [INF] No plugin assembly found to remove.
2026-04-25 07:26:28.608 +02:00 [INF] Checking for 'dm_sourcedate' entity...
2026-04-25 07:26:28.839 +02:00 [INF] 'dm_sourcedate' entity not found.
2026-04-25 07:26:28.839 +02:00 [INF] Environment cleanup completed.
2026-04-25 07:41:21.462 +02:00 [INF] Cleaning target environment...
2026-04-25 07:41:21.472 +02:00 [INF] Searching for plugin assembly to remove...
2026-04-25 07:41:22.694 +02:00 [INF] Found plugin assembly "e170ff82-6740-f111-bec6-6045bdfd90b8". Deleting...
2026-04-25 07:41:23.024 +02:00 [INF] Plugin assembly removed successfully.
2026-04-25 07:41:23.026 +02:00 [INF] Checking for 'dm_sourcedate' entity...
2026-04-25 07:41:23.482 +02:00 [INF] Deleting 'dm_sourcedate' entity...
2026-04-25 07:41:47.352 +02:00 [INF] Entity deleted. Publishing changes...
2026-04-25 07:42:00.108 +02:00 [INF] Schema removed successfully.
2026-04-25 07:42:00.108 +02:00 [INF] Environment cleanup completed.
2026-04-25 07:46:04.485 +02:00 [INF] Starting test data seeding: 100 records
2026-04-25 07:52:02.978 +02:00 [INF] Starting test data seeding: 100 records
2026-04-25 07:54:22.927 +02:00 [INF] Starting test data seeding: 100 records
2026-04-25 07:54:56.117 +02:00 [INF] Seeding completed successfully.
